<?xml version="1.0" encoding="UTF-8"?>
<testsuite xmlns:xsi="http://www.w3.org/2001/XMLSchema-instance" xsi:noNamespaceSchemaLocation="https://maven.apache.org/surefire/maven-surefire-plugin/xsd/surefire-test-report-3.0.xsd" version="3.0" name="persistencia.persistenciaEscuela.AlumnoDAOTest" time="0.234" tests="14" errors="10" skipped="0" failures="0">
  <properties>
    <property name="java.specification.version" value="21"/>
    <property name="sun.cpu.isalist" value="amd64"/>
    <property name="sun.jnu.encoding" value="Cp1252"/>
    <property name="java.class.path" value="C:\Users\castr\OneDrive\Documentos\GitHub\Testing\ReportesPersistencia\target\test-classes;C:\Users\castr\OneDrive\Documentos\GitHub\Testing\ReportesPersistencia\target\classes;C:\Users\castr\.m2\repository\org\mongodb\mongo-java-driver\3.10.2\mongo-java-driver-3.10.2.jar;C:\Users\castr\.m2\repository\org\junit\jupiter\junit-jupiter-api\5.10.2\junit-jupiter-api-5.10.2.jar;C:\Users\castr\.m2\repository\org\opentest4j\opentest4j\1.3.0\opentest4j-1.3.0.jar;C:\Users\castr\.m2\repository\org\junit\platform\junit-platform-commons\1.10.2\junit-platform-commons-1.10.2.jar;C:\Users\castr\.m2\repository\org\apiguardian\apiguardian-api\1.1.2\apiguardian-api-1.1.2.jar;C:\Users\castr\.m2\repository\org\junit\jupiter\junit-jupiter-params\5.10.2\junit-jupiter-params-5.10.2.jar;C:\Users\castr\.m2\repository\org\junit\jupiter\junit-jupiter-engine\5.10.2\junit-jupiter-engine-5.10.2.jar;C:\Users\castr\.m2\repository\org\junit\platform\junit-platform-engine\1.10.2\junit-platform-engine-1.10.2.jar;C:\Users\castr\.m2\repository\junit\junit\4.13.2\junit-4.13.2.jar;C:\Users\castr\.m2\repository\org\hamcrest\hamcrest-core\1.3\hamcrest-core-1.3.jar;C:\Users\castr\.m2\repository\org\mockito\mockito-core\5.4.0\mockito-core-5.4.0.jar;C:\Users\castr\.m2\repository\net\bytebuddy\byte-buddy\1.14.5\byte-buddy-1.14.5.jar;C:\Users\castr\.m2\repository\net\bytebuddy\byte-buddy-agent\1.14.5\byte-buddy-agent-1.14.5.jar;C:\Users\castr\.m2\repository\org\objenesis\objenesis\3.3\objenesis-3.3.jar;C:\Users\castr\.m2\repository\org\junit\jupiter\junit-jupiter\5.8.2\junit-jupiter-5.8.2.jar;C:\Users\castr\.m2\repository\org\mockito\mockito-junit-jupiter\5.3.1\mockito-junit-jupiter-5.3.1.jar;"/>
    <property name="java.vm.vendor" value="Oracle Corporation"/>
    <property name="sun.arch.data.model" value="64"/>
    <property name="user.variant" value=""/>
    <property name="java.vendor.url" value="https://java.oracle.com/"/>
    <property name="user.timezone" value="America/Hermosillo"/>
    <property name="os.name" value="Windows 10"/>
    <property name="java.vm.specification.version" value="21"/>
    <property name="user.country" value="MX"/>
    <property name="sun.java.launcher" value="SUN_STANDARD"/>
    <property name="sun.boot.library.path" value="C:\Program Files\Java\jdk-21\bin"/>
    <property name="sun.java.command" value="C:\Users\castr\AppData\Local\Temp\surefire15293631828430510808\surefirebooter-20241103183108705_3.jar C:\Users\castr\AppData\Local\Temp\surefire15293631828430510808 2024-11-03T18-31-08_509-jvmRun1 surefire-20241103183108705_1tmp surefire_0-20241103183108705_2tmp"/>
    <property name="jdk.debug" value="release"/>
    <property name="surefire.test.class.path" value="C:\Users\castr\OneDrive\Documentos\GitHub\Testing\ReportesPersistencia\target\test-classes;C:\Users\castr\OneDrive\Documentos\GitHub\Testing\ReportesPersistencia\target\classes;C:\Users\castr\.m2\repository\org\mongodb\mongo-java-driver\3.10.2\mongo-java-driver-3.10.2.jar;C:\Users\castr\.m2\repository\org\junit\jupiter\junit-jupiter-api\5.10.2\junit-jupiter-api-5.10.2.jar;C:\Users\castr\.m2\repository\org\opentest4j\opentest4j\1.3.0\opentest4j-1.3.0.jar;C:\Users\castr\.m2\repository\org\junit\platform\junit-platform-commons\1.10.2\junit-platform-commons-1.10.2.jar;C:\Users\castr\.m2\repository\org\apiguardian\apiguardian-api\1.1.2\apiguardian-api-1.1.2.jar;C:\Users\castr\.m2\repository\org\junit\jupiter\junit-jupiter-params\5.10.2\junit-jupiter-params-5.10.2.jar;C:\Users\castr\.m2\repository\org\junit\jupiter\junit-jupiter-engine\5.10.2\junit-jupiter-engine-5.10.2.jar;C:\Users\castr\.m2\repository\org\junit\platform\junit-platform-engine\1.10.2\junit-platform-engine-1.10.2.jar;C:\Users\castr\.m2\repository\junit\junit\4.13.2\junit-4.13.2.jar;C:\Users\castr\.m2\repository\org\hamcrest\hamcrest-core\1.3\hamcrest-core-1.3.jar;C:\Users\castr\.m2\repository\org\mockito\mockito-core\5.4.0\mockito-core-5.4.0.jar;C:\Users\castr\.m2\repository\net\bytebuddy\byte-buddy\1.14.5\byte-buddy-1.14.5.jar;C:\Users\castr\.m2\repository\net\bytebuddy\byte-buddy-agent\1.14.5\byte-buddy-agent-1.14.5.jar;C:\Users\castr\.m2\repository\org\objenesis\objenesis\3.3\objenesis-3.3.jar;C:\Users\castr\.m2\repository\org\junit\jupiter\junit-jupiter\5.8.2\junit-jupiter-5.8.2.jar;C:\Users\castr\.m2\repository\org\mockito\mockito-junit-jupiter\5.3.1\mockito-junit-jupiter-5.3.1.jar;"/>
    <property name="sun.cpu.endian" value="little"/>
    <property name="user.home" value="C:\Users\castr"/>
    <property name="user.language" value="es"/>
    <property name="java.specification.vendor" value="Oracle Corporation"/>
    <property name="java.version.date" value="2023-10-17"/>
    <property name="java.home" value="C:\Program Files\Java\jdk-21"/>
    <property name="file.separator" value="\"/>
    <property name="basedir" value="C:\Users\castr\OneDrive\Documentos\GitHub\Testing\ReportesPersistencia"/>
    <property name="java.vm.compressedOopsMode" value="32-bit"/>
    <property name="line.separator" value="&#10;"/>
    <property name="java.vm.specification.vendor" value="Oracle Corporation"/>
    <property name="java.specification.name" value="Java Platform API Specification"/>
    <property name="surefire.real.class.path" value="C:\Users\castr\AppData\Local\Temp\surefire15293631828430510808\surefirebooter-20241103183108705_3.jar"/>
    <property name="user.script" value=""/>
    <property name="sun.management.compiler" value="HotSpot 64-Bit Tiered Compilers"/>
    <property name="java.runtime.version" value="21.0.1+12-LTS-29"/>
    <property name="user.name" value="castr"/>
    <property name="stdout.encoding" value="Cp1252"/>
    <property name="path.separator" value=";"/>
    <property name="os.version" value="10.0"/>
    <property name="java.runtime.name" value="Java(TM) SE Runtime Environment"/>
    <property name="file.encoding" value="UTF-8"/>
    <property name="java.vm.name" value="Java HotSpot(TM) 64-Bit Server VM"/>
    <property name="maven.ext.class.path" value="C:\Program Files\NetBeans-22\netbeans\java\maven-nblib\netbeans-eventspy.jar"/>
    <property name="localRepository" value="C:\Users\castr\.m2\repository"/>
    <property name="java.vendor.url.bug" value="https://bugreport.java.com/bugreport/"/>
    <property name="java.io.tmpdir" value="C:\Users\castr\AppData\Local\Temp\"/>
    <property name="java.version" value="21.0.1"/>
    <property name="user.dir" value="C:\Users\castr\OneDrive\Documentos\GitHub\Testing\ReportesPersistencia"/>
    <property name="os.arch" value="amd64"/>
    <property name="java.vm.specification.name" value="Java Virtual Machine Specification"/>
    <property name="sun.os.patch.level" value=""/>
    <property name="native.encoding" value="Cp1252"/>
    <property name="java.library.path" value="C:\Program Files\Java\jdk-21\bin;C:\WINDOWS\Sun\Java\bin;C:\WINDOWS\system32;C:\WINDOWS;C:\Python312\Scripts\;C:\Python312\;C:\Program Files\Common Files\Oracle\Java\javapath;C:\Program Files\Eclipse Adoptium\jdk-17.0.6.10-hotspot\bin;C:\ProgramData\Oracle\Java\javapath;C:\WINDOWS\system32;C:\WINDOWS;C:\WINDOWS\System32\Wbem;C:\WINDOWS\System32\WindowsPowerShell\v1.0\;C:\WINDOWS\System32\OpenSSH\;C:\Program Files\dotnet\;C:\Program Files\PuTTY\;C:\Program Files\MySQL\MySQL Server 8.0\bin;C:\Program Files\nodejs\;C:\ProgramData\chocolatey\bin;C:\Program Files\MySQL\MySQL Shell 8.0\bin\;C:\Users\castr\AppData\Local\Microsoft\WindowsApps;C:\Users\castr\AppData\Local\Programs\Microsoft VS Code\bin;C:\Users\castr\AppData\Local\GitHubDesktop\bin;C:\Users\castr\AppData\Roaming\npm;."/>
    <property name="java.vm.info" value="mixed mode, sharing"/>
    <property name="stderr.encoding" value="Cp1252"/>
    <property name="java.vendor" value="Oracle Corporation"/>
    <property name="java.vm.version" value="21.0.1+12-LTS-29"/>
    <property name="sun.io.unicode.encoding" value="UnicodeLittle"/>
    <property name="java.class.version" value="65.0"/>
  </properties>
  <testcase name="testRecuperarAlumnosPorGrado_RetornaListaFiltrada" classname="persistencia.persistenciaEscuela.AlumnoDAOTest" time="0.065">
    <error message="Cannot invoke &quot;persistencia.persistenciaEscuela.IAlumnoDAO.recuperarAlumnosPorGrado(String)&quot; because &quot;this.alumnoDAO&quot; is null" type="java.lang.NullPointerException"><![CDATA[java.lang.NullPointerException: Cannot invoke "persistencia.persistenciaEscuela.IAlumnoDAO.recuperarAlumnosPorGrado(String)" because "this.alumnoDAO" is null
	at persistencia.persistenciaEscuela.AlumnoDAOTest.testRecuperarAlumnosPorGrado_RetornaListaFiltrada(AlumnoDAOTest.java:128)
	at java.base/java.lang.reflect.Method.invoke(Method.java:580)
	at java.base/java.util.ArrayList.forEach(ArrayList.java:1596)
	at java.base/java.util.ArrayList.forEach(ArrayList.java:1596)
]]></error>
  </testcase>
  <testcase name="testConcurrencia_MultiplesBusquedasSimultaneas" classname="persistencia.persistenciaEscuela.AlumnoDAOTest" time="0.004">
    <error message="Cannot invoke &quot;persistencia.persistenciaEscuela.IAlumnoDAO.recuperarAlumnosPorGrado(String)&quot; because &quot;this.alumnoDAO&quot; is null" type="java.lang.NullPointerException"><![CDATA[java.lang.NullPointerException: Cannot invoke "persistencia.persistenciaEscuela.IAlumnoDAO.recuperarAlumnosPorGrado(String)" because "this.alumnoDAO" is null
	at persistencia.persistenciaEscuela.AlumnoDAOTest.testConcurrencia_MultiplesBusquedasSimultaneas(AlumnoDAOTest.java:217)
	at java.base/java.lang.reflect.Method.invoke(Method.java:580)
	at java.base/java.util.ArrayList.forEach(ArrayList.java:1596)
	at java.base/java.util.ArrayList.forEach(ArrayList.java:1596)
]]></error>
  </testcase>
  <testcase name="testRecuperarAlumnosPorGrupo_RetornaListaFiltrada" classname="persistencia.persistenciaEscuela.AlumnoDAOTest" time="0.002">
    <error message="Cannot invoke &quot;persistencia.persistenciaEscuela.IAlumnoDAO.recuperarAlumnosPorGrupo(String)&quot; because &quot;this.alumnoDAO&quot; is null" type="java.lang.NullPointerException"><![CDATA[java.lang.NullPointerException: Cannot invoke "persistencia.persistenciaEscuela.IAlumnoDAO.recuperarAlumnosPorGrupo(String)" because "this.alumnoDAO" is null
	at persistencia.persistenciaEscuela.AlumnoDAOTest.testRecuperarAlumnosPorGrupo_RetornaListaFiltrada(AlumnoDAOTest.java:145)
	at java.base/java.lang.reflect.Method.invoke(Method.java:580)
	at java.base/java.util.ArrayList.forEach(ArrayList.java:1596)
	at java.base/java.util.ArrayList.forEach(ArrayList.java:1596)
]]></error>
  </testcase>
  <testcase name="testEstructura_VerificarFormatoCURP" classname="persistencia.persistenciaEscuela.AlumnoDAOTest" time="0.005"/>
  <testcase name="testEstructura_VerificarFormatoUrlFoto" classname="persistencia.persistenciaEscuela.AlumnoDAOTest" time="0.002"/>
  <testcase name="testObtenerAlumno_IdNuloLanzaExcepcion" classname="persistencia.persistenciaEscuela.AlumnoDAOTest" time="0.002">
    <error message="Cannot invoke &quot;persistencia.persistenciaEscuela.IAlumnoDAO.obtenerAlumno(persistencia.entidades.AlumnoEntity)&quot; because &quot;this.alumnoDAO&quot; is null" type="java.lang.NullPointerException"><![CDATA[java.lang.NullPointerException: Cannot invoke "persistencia.persistenciaEscuela.IAlumnoDAO.obtenerAlumno(persistencia.entidades.AlumnoEntity)" because "this.alumnoDAO" is null
	at persistencia.persistenciaEscuela.AlumnoDAOTest.testObtenerAlumno_IdNuloLanzaExcepcion(AlumnoDAOTest.java:73)
	at java.base/java.lang.reflect.Method.invoke(Method.java:580)
	at java.base/java.util.ArrayList.forEach(ArrayList.java:1596)
	at java.base/java.util.ArrayList.forEach(ArrayList.java:1596)
]]></error>
  </testcase>
  <testcase name="testObtenerAlumno_ExistenteRetornaAlumno" classname="persistencia.persistenciaEscuela.AlumnoDAOTest" time="0.064">
    <error message="Cannot invoke &quot;persistencia.persistenciaEscuela.IAlumnoDAO.obtenerAlumno(persistencia.entidades.AlumnoEntity)&quot; because &quot;this.alumnoDAO&quot; is null" type="java.lang.NullPointerException"><![CDATA[java.lang.NullPointerException: Cannot invoke "persistencia.persistenciaEscuela.IAlumnoDAO.obtenerAlumno(persistencia.entidades.AlumnoEntity)" because "this.alumnoDAO" is null
	at persistencia.persistenciaEscuela.AlumnoDAOTest.testObtenerAlumno_ExistenteRetornaAlumno(AlumnoDAOTest.java:58)
	at java.base/java.lang.reflect.Method.invoke(Method.java:580)
	at java.base/java.util.ArrayList.forEach(ArrayList.java:1596)
	at java.base/java.util.ArrayList.forEach(ArrayList.java:1596)
]]></error>
  </testcase>
  <testcase name="testEstructura_VerificarFormatoGradoGrupo" classname="persistencia.persistenciaEscuela.AlumnoDAOTest" time="0.001"/>
  <testcase name="testEstructura_VerificarFormatoEmail" classname="persistencia.persistenciaEscuela.AlumnoDAOTest" time="0.002"/>
  <testcase name="testRendimiento_ObtenerAlumnoPorCurp" classname="persistencia.persistenciaEscuela.AlumnoDAOTest" time="0.001">
    <error message="Cannot invoke &quot;persistencia.persistenciaEscuela.IAlumnoDAO.obtenerAlumnoPorCurp(persistencia.entidades.AlumnoEntity)&quot; because &quot;this.alumnoDAO&quot; is null" type="java.lang.NullPointerException"><![CDATA[java.lang.NullPointerException: Cannot invoke "persistencia.persistenciaEscuela.IAlumnoDAO.obtenerAlumnoPorCurp(persistencia.entidades.AlumnoEntity)" because "this.alumnoDAO" is null
	at persistencia.persistenciaEscuela.AlumnoDAOTest.testRendimiento_ObtenerAlumnoPorCurp(AlumnoDAOTest.java:183)
	at java.base/java.lang.reflect.Method.invoke(Method.java:580)
	at java.base/java.util.ArrayList.forEach(ArrayList.java:1596)
	at java.base/java.util.ArrayList.forEach(ArrayList.java:1596)
]]></error>
  </testcase>
  <testcase name="testRendimiento_RecuperarAlumnosPorGrado" classname="persistencia.persistenciaEscuela.AlumnoDAOTest" time="0.001">
    <error message="Cannot invoke &quot;persistencia.persistenciaEscuela.IAlumnoDAO.recuperarAlumnosPorGrado(String)&quot; because &quot;this.alumnoDAO&quot; is null" type="java.lang.NullPointerException"><![CDATA[java.lang.NullPointerException: Cannot invoke "persistencia.persistenciaEscuela.IAlumnoDAO.recuperarAlumnosPorGrado(String)" because "this.alumnoDAO" is null
	at persistencia.persistenciaEscuela.AlumnoDAOTest.testRendimiento_RecuperarAlumnosPorGrado(AlumnoDAOTest.java:200)
	at java.base/java.lang.reflect.Method.invoke(Method.java:580)
	at java.base/java.util.ArrayList.forEach(ArrayList.java:1596)
	at java.base/java.util.ArrayList.forEach(ArrayList.java:1596)
]]></error>
  </testcase>
  <testcase name="testRecuperarAlumnosPorGradoYGrupo_RetornaListaCorrecta" classname="persistencia.persistenciaEscuela.AlumnoDAOTest" time="0.002">
    <error message="Cannot invoke &quot;persistencia.persistenciaEscuela.IAlumnoDAO.recuperarAlumnosPorGradoYGrupo(String, String)&quot; because &quot;this.alumnoDAO&quot; is null" type="java.lang.NullPointerException"><![CDATA[java.lang.NullPointerException: Cannot invoke "persistencia.persistenciaEscuela.IAlumnoDAO.recuperarAlumnosPorGradoYGrupo(String, String)" because "this.alumnoDAO" is null
	at persistencia.persistenciaEscuela.AlumnoDAOTest.testRecuperarAlumnosPorGradoYGrupo_RetornaListaCorrecta(AlumnoDAOTest.java:163)
	at java.base/java.lang.reflect.Method.invoke(Method.java:580)
	at java.base/java.util.ArrayList.forEach(ArrayList.java:1596)
	at java.base/java.util.ArrayList.forEach(ArrayList.java:1596)
]]></error>
  </testcase>
  <testcase name="testObtenerAlumnoPorCurp_CurpNulaLanzaExcepcion" classname="persistencia.persistenciaEscuela.AlumnoDAOTest" time="0.002">
    <error message="Cannot invoke &quot;persistencia.persistenciaEscuela.IAlumnoDAO.obtenerAlumnoPorCurp(persistencia.entidades.AlumnoEntity)&quot; because &quot;this.alumnoDAO&quot; is null" type="java.lang.NullPointerException"><![CDATA[java.lang.NullPointerException: Cannot invoke "persistencia.persistenciaEscuela.IAlumnoDAO.obtenerAlumnoPorCurp(persistencia.entidades.AlumnoEntity)" because "this.alumnoDAO" is null
	at persistencia.persistenciaEscuela.AlumnoDAOTest.testObtenerAlumnoPorCurp_CurpNulaLanzaExcepcion(AlumnoDAOTest.java:109)
	at java.base/java.lang.reflect.Method.invoke(Method.java:580)
	at java.base/java.util.ArrayList.forEach(ArrayList.java:1596)
	at java.base/java.util.ArrayList.forEach(ArrayList.java:1596)
]]></error>
  </testcase>
  <testcase name="testObtenerAlumnoPorCurp_ExistenteRetornaAlumno" classname="persistencia.persistenciaEscuela.AlumnoDAOTest" time="0.001">
    <error message="Cannot invoke &quot;persistencia.persistenciaEscuela.IAlumnoDAO.obtenerAlumnoPorCurp(persistencia.entidades.AlumnoEntity)&quot; because &quot;this.alumnoDAO&quot; is null" type="java.lang.NullPointerException"><![CDATA[java.lang.NullPointerException: Cannot invoke "persistencia.persistenciaEscuela.IAlumnoDAO.obtenerAlumnoPorCurp(persistencia.entidades.AlumnoEntity)" because "this.alumnoDAO" is null
	at persistencia.persistenciaEscuela.AlumnoDAOTest.testObtenerAlumnoPorCurp_ExistenteRetornaAlumno(AlumnoDAOTest.java:94)
	at java.base/java.lang.reflect.Method.invoke(Method.java:580)
	at java.base/java.util.ArrayList.forEach(ArrayList.java:1596)
	at java.base/java.util.ArrayList.forEach(ArrayList.java:1596)
]]></error>
  </testcase>
</testsuite>