<?xml version="1.0" encoding="UTF-8"?>
<testsuite xmlns:xsi="http://www.w3.org/2001/XMLSchema-instance" xsi:noNamespaceSchemaLocation="https://maven.apache.org/surefire/maven-surefire-plugin/xsd/surefire-test-report-3.0.xsd" version="3.0" name="control.GestionarIncidenciasTest" time="0.875" tests="19" errors="0" skipped="0" failures="0">
  <properties>
    <property name="java.specification.version" value="21"/>
    <property name="sun.cpu.isalist" value="amd64"/>
    <property name="sun.jnu.encoding" value="Cp1252"/>
    <property name="java.class.path" value="C:\Users\PC\Desktop\proyectos\pruebasfinal2\Testing\GestionarIncidencias\target\test-classes;C:\Users\PC\Desktop\proyectos\pruebasfinal2\Testing\GestionarIncidencias\target\classes;C:\Users\PC\.m2\repository\org\itson\bdavanzadas\ReportesNegocios\1.0-SNAPSHOT\ReportesNegocios-1.0-SNAPSHOT.jar;C:\Users\PC\.m2\repository\org\itson\bdavanzadas\SistemaMensajeria\1.0-SNAPSHOT\SistemaMensajeria-1.0-SNAPSHOT.jar;C:\Users\PC\.m2\repository\javax\mail\javax.mail-api\1.6.2\javax.mail-api-1.6.2.jar;C:\Users\PC\.m2\repository\com\sun\mail\javax.mail\1.6.2\javax.mail-1.6.2.jar;C:\Users\PC\.m2\repository\javax\activation\activation\1.1\activation-1.1.jar;C:\Users\PC\.m2\repository\org\itson\bdavanzadas\ReportesPersistencia\1.0-SNAPSHOT\ReportesPersistencia-1.0-SNAPSHOT.jar;C:\Users\PC\.m2\repository\org\mongodb\mongo-java-driver\3.10.2\mongo-java-driver-3.10.2.jar;C:\Users\PC\.m2\repository\org\itson\bdavanzadas\ReportesDTO\1.0-SNAPSHOT\ReportesDTO-1.0-SNAPSHOT.jar;C:\Users\PC\.m2\repository\org\junit\jupiter\junit-jupiter-api\5.6.0\junit-jupiter-api-5.6.0.jar;C:\Users\PC\.m2\repository\org\apiguardian\apiguardian-api\1.1.0\apiguardian-api-1.1.0.jar;C:\Users\PC\.m2\repository\org\opentest4j\opentest4j\1.2.0\opentest4j-1.2.0.jar;C:\Users\PC\.m2\repository\org\junit\platform\junit-platform-commons\1.6.0\junit-platform-commons-1.6.0.jar;C:\Users\PC\.m2\repository\org\junit\jupiter\junit-jupiter-params\5.6.0\junit-jupiter-params-5.6.0.jar;C:\Users\PC\.m2\repository\org\junit\jupiter\junit-jupiter-engine\5.6.0\junit-jupiter-engine-5.6.0.jar;C:\Users\PC\.m2\repository\org\junit\platform\junit-platform-engine\1.6.0\junit-platform-engine-1.6.0.jar;C:\Users\PC\.m2\repository\org\mockito\mockito-core\5.4.0\mockito-core-5.4.0.jar;C:\Users\PC\.m2\repository\net\bytebuddy\byte-buddy\1.14.5\byte-buddy-1.14.5.jar;C:\Users\PC\.m2\repository\net\bytebuddy\byte-buddy-agent\1.14.5\byte-buddy-agent-1.14.5.jar;C:\Users\PC\.m2\repository\org\objenesis\objenesis\3.3\objenesis-3.3.jar;C:\Users\PC\.m2\repository\org\mockito\mockito-junit-jupiter\5.3.1\mockito-junit-jupiter-5.3.1.jar;"/>
    <property name="java.vm.vendor" value="Oracle Corporation"/>
    <property name="sun.arch.data.model" value="64"/>
    <property name="user.variant" value=""/>
    <property name="java.vendor.url" value="https://java.oracle.com/"/>
    <property name="user.timezone" value="America/Mexico_City"/>
    <property name="os.name" value="Windows 10"/>
    <property name="java.vm.specification.version" value="21"/>
    <property name="user.country" value="MX"/>
    <property name="sun.java.launcher" value="SUN_STANDARD"/>
    <property name="sun.boot.library.path" value="C:\Program Files\Java\jdk-21\bin"/>
    <property name="sun.java.command" value="C:\Users\PC\AppData\Local\Temp\surefire18215206017141151169\surefirebooter-20241105000935960_3.jar C:\Users\PC\AppData\Local\Temp\surefire18215206017141151169 2024-11-05T00-09-35_873-jvmRun1 surefire-20241105000935960_1tmp surefire_0-20241105000935960_2tmp"/>
    <property name="jdk.debug" value="release"/>
    <property name="test" value="control.GestionarIncidenciasTest"/>
    <property name="surefire.test.class.path" value="C:\Users\PC\Desktop\proyectos\pruebasfinal2\Testing\GestionarIncidencias\target\test-classes;C:\Users\PC\Desktop\proyectos\pruebasfinal2\Testing\GestionarIncidencias\target\classes;C:\Users\PC\.m2\repository\org\itson\bdavanzadas\ReportesNegocios\1.0-SNAPSHOT\ReportesNegocios-1.0-SNAPSHOT.jar;C:\Users\PC\.m2\repository\org\itson\bdavanzadas\SistemaMensajeria\1.0-SNAPSHOT\SistemaMensajeria-1.0-SNAPSHOT.jar;C:\Users\PC\.m2\repository\javax\mail\javax.mail-api\1.6.2\javax.mail-api-1.6.2.jar;C:\Users\PC\.m2\repository\com\sun\mail\javax.mail\1.6.2\javax.mail-1.6.2.jar;C:\Users\PC\.m2\repository\javax\activation\activation\1.1\activation-1.1.jar;C:\Users\PC\.m2\repository\org\itson\bdavanzadas\ReportesPersistencia\1.0-SNAPSHOT\ReportesPersistencia-1.0-SNAPSHOT.jar;C:\Users\PC\.m2\repository\org\mongodb\mongo-java-driver\3.10.2\mongo-java-driver-3.10.2.jar;C:\Users\PC\.m2\repository\org\itson\bdavanzadas\ReportesDTO\1.0-SNAPSHOT\ReportesDTO-1.0-SNAPSHOT.jar;C:\Users\PC\.m2\repository\org\junit\jupiter\junit-jupiter-api\5.6.0\junit-jupiter-api-5.6.0.jar;C:\Users\PC\.m2\repository\org\apiguardian\apiguardian-api\1.1.0\apiguardian-api-1.1.0.jar;C:\Users\PC\.m2\repository\org\opentest4j\opentest4j\1.2.0\opentest4j-1.2.0.jar;C:\Users\PC\.m2\repository\org\junit\platform\junit-platform-commons\1.6.0\junit-platform-commons-1.6.0.jar;C:\Users\PC\.m2\repository\org\junit\jupiter\junit-jupiter-params\5.6.0\junit-jupiter-params-5.6.0.jar;C:\Users\PC\.m2\repository\org\junit\jupiter\junit-jupiter-engine\5.6.0\junit-jupiter-engine-5.6.0.jar;C:\Users\PC\.m2\repository\org\junit\platform\junit-platform-engine\1.6.0\junit-platform-engine-1.6.0.jar;C:\Users\PC\.m2\repository\org\mockito\mockito-core\5.4.0\mockito-core-5.4.0.jar;C:\Users\PC\.m2\repository\net\bytebuddy\byte-buddy\1.14.5\byte-buddy-1.14.5.jar;C:\Users\PC\.m2\repository\net\bytebuddy\byte-buddy-agent\1.14.5\byte-buddy-agent-1.14.5.jar;C:\Users\PC\.m2\repository\org\objenesis\objenesis\3.3\objenesis-3.3.jar;C:\Users\PC\.m2\repository\org\mockito\mockito-junit-jupiter\5.3.1\mockito-junit-jupiter-5.3.1.jar;"/>
    <property name="sun.cpu.endian" value="little"/>
    <property name="user.home" value="C:\Users\PC"/>
    <property name="user.language" value="es"/>
    <property name="java.specification.vendor" value="Oracle Corporation"/>
    <property name="java.version.date" value="2024-01-16"/>
    <property name="java.home" value="C:\Program Files\Java\jdk-21"/>
    <property name="file.separator" value="\"/>
    <property name="basedir" value="C:\Users\PC\Desktop\proyectos\pruebasfinal2\Testing\GestionarIncidencias"/>
    <property name="java.vm.compressedOopsMode" value="Zero based"/>
    <property name="line.separator" value="&#10;"/>
    <property name="java.vm.specification.vendor" value="Oracle Corporation"/>
    <property name="java.specification.name" value="Java Platform API Specification"/>
    <property name="surefire.real.class.path" value="C:\Users\PC\AppData\Local\Temp\surefire18215206017141151169\surefirebooter-20241105000935960_3.jar"/>
    <property name="user.script" value=""/>
    <property name="sun.management.compiler" value="HotSpot 64-Bit Tiered Compilers"/>
    <property name="java.runtime.version" value="21.0.2+13-LTS-58"/>
    <property name="user.name" value="PC"/>
    <property name="stdout.encoding" value="Cp1252"/>
    <property name="path.separator" value=";"/>
    <property name="os.version" value="10.0"/>
    <property name="java.runtime.name" value="Java(TM) SE Runtime Environment"/>
    <property name="file.encoding" value="UTF-8"/>
    <property name="java.vm.name" value="Java HotSpot(TM) 64-Bit Server VM"/>
    <property name="maven.ext.class.path" value="C:\Program Files\NetBeans-20\netbeans\java\maven-nblib\netbeans-eventspy.jar"/>
    <property name="localRepository" value="C:\Users\PC\.m2\repository"/>
    <property name="java.vendor.url.bug" value="https://bugreport.java.com/bugreport/"/>
    <property name="java.io.tmpdir" value="C:\Users\PC\AppData\Local\Temp\"/>
    <property name="java.version" value="21.0.2"/>
    <property name="user.dir" value="C:\Users\PC\Desktop\proyectos\pruebasfinal2\Testing\GestionarIncidencias"/>
    <property name="os.arch" value="amd64"/>
    <property name="java.vm.specification.name" value="Java Virtual Machine Specification"/>
    <property name="sun.os.patch.level" value=""/>
    <property name="native.encoding" value="Cp1252"/>
    <property name="java.library.path" value="C:\Program Files\Java\jdk-21\bin;C:\Windows\Sun\Java\bin;C:\Windows\system32;C:\Windows;C:\Python312\Scripts\;C:\Python312\;C:\Program Files\Common Files\Oracle\Java\javapath;C:\Windows\system32;C:\Windows;C:\Windows\System32\Wbem;C:\Windows\System32\WindowsPowerShell\v1.0\;C:\Windows\System32\OpenSSH\;C:\Program Files\Git\cmd;C:\ProgramData\chocolatey\bin;C:\Program Files\nodejs\;C:\Program Files\MySQL\MySQL Shell 8.0\bin\;C:\Users\PC\AppData\Local\Microsoft\WindowsApps;C:\Users\PC\AppData\Local\Programs\Microsoft VS Code\bin;C:\Users\PC\AppData\Roaming\npm;."/>
    <property name="java.vm.info" value="mixed mode, sharing"/>
    <property name="stderr.encoding" value="Cp1252"/>
    <property name="java.vendor" value="Oracle Corporation"/>
    <property name="java.vm.version" value="21.0.2+13-LTS-58"/>
    <property name="sun.io.unicode.encoding" value="UnicodeLittle"/>
    <property name="java.class.version" value="65.0"/>
  </properties>
  <testcase name="TestRecuperarReportes_ReturnsList_Successfully" classname="control.GestionarIncidenciasTest" time="0.053">
    <system-err><![CDATA[WARNING: A Java agent has been loaded dynamically (C:\Users\PC\.m2\repository\net\bytebuddy\byte-buddy-agent\1.14.5\byte-buddy-agent-1.14.5.jar)
WARNING: If a serviceability tool is in use, please run with -XX:+EnableDynamicAgentLoading to hide this warning
WARNING: If a serviceability tool is not in use, please run with -Djdk.instrument.traceUsage for more information
WARNING: Dynamic loading of agents will be disallowed by default in a future release
]]></system-err>
  </testcase>
  <testcase name="TestvalidarReporte_InputValido_Successfully" classname="control.GestionarIncidenciasTest" time="0.003"/>
  <testcase name="TestRecuperarReportesAlumno_InputValido_ReturnsEmptyList" classname="control.GestionarIncidenciasTest" time="0.002"/>
  <testcase name="TestNotificarReporte_InputInvalido_ThrowsException" classname="control.GestionarIncidenciasTest" time="0.009"/>
  <testcase name="TestRecuperarAlumnosPorGrado_InputInvalido_ThrowsException" classname="control.GestionarIncidenciasTest" time="0.001"/>
  <testcase name="TestRecuperarAlumnosPorGradoYGrupo_InputValido_Successfully" classname="control.GestionarIncidenciasTest" time="0.001"/>
  <testcase name="TestConvertirReportesAReporteExpediente_InputNull_ThrowsException" classname="control.GestionarIncidenciasTest" time="0.002"/>
  <testcase name="TestCrearReporte_InputReporteVacio_ThrowsException" classname="control.GestionarIncidenciasTest" time="0.002"/>
  <testcase name="TestRecuperarAlumnosPorGrado_ReturnsList_Successfully" classname="control.GestionarIncidenciasTest" time="0.001"/>
  <testcase name="TestRecuperarAlumnosPorGrupo_InputInvalido_ThrowsException" classname="control.GestionarIncidenciasTest" time="0.001"/>
  <testcase name="TestRecuperarReportes_ReturnsEmptyList_WhenNoReports" classname="control.GestionarIncidenciasTest" time="0.001"/>
  <testcase name="TestcrearReporte_InputValido_Successfully" classname="control.GestionarIncidenciasTest" time="0.002"/>
  <testcase name="TestcrearReporte_InputInvalido_Failed" classname="control.GestionarIncidenciasTest" time="0.001"/>
  <testcase name="TestNotificarReporte_InputValido_Successfully" classname="control.GestionarIncidenciasTest" time="0.001"/>
  <testcase name="TestInsertDatosSimulados_Successfully" classname="control.GestionarIncidenciasTest" time="0.0"/>
  <testcase name="TestRecuperarReportesAlumno_ReturnsList_Successfully" classname="control.GestionarIncidenciasTest" time="0.001"/>
  <testcase name="TestInsertDatosSimulados_ThrowsException" classname="control.GestionarIncidenciasTest" time="0.001"/>
  <testcase name="TestValidarReporte_InputNull_ThrowsException" classname="control.GestionarIncidenciasTest" time="0.001"/>
  <testcase name="TestRecuperarAlumnosPorGrupo_ReturnsList_Successfully" classname="control.GestionarIncidenciasTest" time="0.001"/>
</testsuite>